1592665918068	mozrunner::runner	INFO	Running command: "/usr/bin/firefox" "-marionette" "-headless" "-foreground" "-no-remote" "-profile" "/tmp/rust_mozprofilekFpPQ7"
*** You are running in headless mode.
1592665933450	Marionette	INFO	Listening on port 39761
1592665933527	Marionette	WARN	TLS certificate errors will be ignored for this session
1592666319331	mozrunner::runner	INFO	Running command: "/usr/bin/firefox" "-marionette" "-headless" "-foreground" "-no-remote" "-profile" "/tmp/rust_mozprofilesHKxS4"
*** You are running in headless mode.
1592666329621	Marionette	INFO	Listening on port 33765
1592666331880	Marionette	WARN	TLS certificate errors will be ignored for this session
1592666431074	mozrunner::runner	INFO	Running command: "/usr/bin/firefox" "-marionette" "-foreground" "-no-remote" "-profile" "/tmp/rust_mozprofileAhlsgg"
1592666445315	Marionette	INFO	Listening on port 36617
1592666445371	Marionette	WARN	TLS certificate errors will be ignored for this session
console.error: "Store does not have a valid reducer. Make sure the argument passed to combineReducers is an object whose values are reducers."
1592666574099	mozrunner::runner	INFO	Running command: "/usr/bin/firefox" "-marionette" "-foreground" "-no-remote" "-profile" "/tmp/rust_mozprofilefxyZi2"
JavaScript error: resource://gre/modules/SearchService.jsm, line 680: Error: Something tried to use the search service before it's been properly intialized. Please examine the stack trace to figure out what and where to fix it:
_ensureInitialized@resource://gre/modules/SearchService.jsm:680:15
_getEngineDefault@resource://gre/modules/SearchService.jsm:3016:10
get defaultEngine@resource://gre/modules/SearchService.jsm:3167:17
keywordToURI@resource://gre/modules/URIFixup.jsm:456:1
tryKeywordFixupForURIInfo@resource://gre/modules/URIFixup.jsm:671:41
keywordURIFixup@resource://gre/modules/URIFixup.jsm:999:12
getFixupURIInfo@resource://gre/modules/URIFixup.jsm:379:26
_getUrlMetaData@resource:///modules/UrlbarValueFormatter.jsm:131:35
_formatURL@resource:///modules/UrlbarValueFormatter.jsm:226:28
update@resource:///modules/UrlbarValueFormatter.jsm:65:36
formatValue@resource:///modules/UrlbarInput.jsm:230:27
_on_blur@resource:///modules/UrlbarInput.jsm:1893:10
handleEvent@resource:///modules/UrlbarInput.jsm:372:23

JavaScript error: resource://gre/modules/URIFixup.jsm, line 456: NS_ERROR_XPC_JAVASCRIPT_ERROR_WITH_DETAILS: [JavaScript Error: "Something tried to use the search service before it's been properly intialized. Please examine the stack trace to figure out what and where to fix it:
_ensureInitialized@resource://gre/modules/SearchService.jsm:680:15
_getEngineDefault@resource://gre/modules/SearchService.jsm:3016:10
get defaultEngine@resource://gre/modules/SearchService.jsm:3167:17
keywordToURI@resource://gre/modules/URIFixup.jsm:456:1
tryKeywordFixupForURIInfo@resource://gre/modules/URIFixup.jsm:671:41
keywordURIFixup@resource://gre/modules/URIFixup.jsm:999:12
getFixupURIInfo@resource://gre/modules/URIFixup.jsm:379:26
_getUrlMetaData@resource:///modules/UrlbarValueFormatter.jsm:131:35
_formatURL@resource:///modules/UrlbarValueFormatter.jsm:226:28
update@resource:///modules/UrlbarValueFormatter.jsm:65:36
formatValue@resource:///modules/UrlbarInput.jsm:230:27
_on_blur@resource:///modules/UrlbarInput.jsm:1893:10
handleEvent@resource:///modules/UrlbarInput.jsm:372:23
" {file: "resource://gre/modules/SearchService.jsm" line: 680}]'[JavaScript Error: "Something tried to use the search service before it's been properly intialized. Please examine the stack trace to figure out what and where to fix it:
_ensureInitialized@resource://gre/modules/SearchService.jsm:680:15
_getEngineDefault@resource://gre/modules/SearchService.jsm:3016:10
get defaultEngine@resource://gre/modules/SearchService.jsm:3167:17
keywordToURI@resource://gre/modules/URIFixup.jsm:456:1
tryKeywordFixupForURIInfo@resource://gre/modules/URIFixup.jsm:671:41
keywordURIFixup@resource://gre/modules/URIFixup.jsm:999:12
getFixupURIInfo@resource://gre/modules/URIFixup.jsm:379:26
_getUrlMetaData@resource:///modules/UrlbarValueFormatter.jsm:131:35
_formatURL@resource:///modules/UrlbarValueFormatter.jsm:226:28
update@resource:///modules/UrlbarValueFormatter.jsm:65:36
formatValue@resource:///modules/UrlbarInput.jsm:230:27
_on_blur@resource:///modules/UrlbarInput.jsm:1893:10
handleEvent@resource:///modules/UrlbarInput.jsm:372:23
" {file: "resource://gre/modules/SearchService.jsm" line: 680}]' when calling method: [nsISearchService::defaultEngine]
1592666585037	Marionette	INFO	Listening on port 45453
1592666585086	Marionette	WARN	TLS certificate errors will be ignored for this session
1592666600757	Marionette	INFO	Stopped listening on port 45453
console.error: (new TypeError("currentNode is null", "resource://devtools/client/inspector/shared/style-change-tracker.js", 66))
TypeError: currentNode is null: canMutationImpactCurrentStyles@resource://devtools/client/inspector/shared/style-change-tracker.js:66:20
onMutations@resource://devtools/client/inspector/shared/style-change-tracker.js:84:41
_emit@resource://devtools/shared/event-emitter.js:226:34
emit@resource://devtools/shared/event-emitter.js:172:18
emit@resource://devtools/shared/event-emitter.js:324:18
getMutations@resource://devtools/client/fronts/walker.js:395:10

console.error: "Tried to send a 'newSource' event on an already destroyed actor 'thread'"
console.error: "Tried to send a 'newSource' event on an already destroyed actor 'thread'"
console.error: "Tried to send a 'newSource' event on an already destroyed actor 'thread'"
console.error: "Tried to send a 'newSource' event on an already destroyed actor 'thread'"
console.error: "Tried to send a 'newSource' event on an already destroyed actor 'thread'"
console.error: "Tried to send a 'newSource' event on an already destroyed actor 'thread'"
console.error: "Tried to send a 'newSource' event on an already destroyed actor 'thread'"
console.error: "Tried to send a 'newSource' event on an already destroyed actor 'thread'"
console.error: "Tried to send a 'newSource' event on an already destroyed actor 'thread'"
console.error: "Tried to send a 'newSource' event on an already destroyed actor 'thread'"
console.error: "Tried to send a 'newSource' event on an already destroyed actor 'thread'"
console.error: "Tried to send a 'newSource' event on an already destroyed actor 'thread'"
console.error: "Tried to send a 'newSource' event on an already destroyed actor 'thread'"
console.error: "Tried to send a 'newSource' event on an already destroyed actor 'thread'"
console.error: "Tried to send a 'newSource' event on an already destroyed actor 'thread'"
console.error: "Tried to send a 'newSource' event on an already destroyed actor 'thread'"
console.error: "Tried to send a 'newSource' event on an already destroyed actor 'thread'"
console.error: "Tried to send a 'newSource' event on an already destroyed actor 'thread'"
console.error: "Tried to send a 'newSource' event on an already destroyed actor 'thread'"
console.error: "Tried to send a 'newSource' event on an already destroyed actor 'thread'"
console.error: "Tried to send a 'newSource' event on an already destroyed actor 'thread'"
console.error: "Tried to send a 'newSource' event on an already destroyed actor 'thread'"
console.error: "Tried to send a 'newSource' event on an already destroyed actor 'thread'"
console.error: "Tried to send a 'newSource' event on an already destroyed actor 'thread'"
console.error: "Tried to send a 'newSource' event on an already destroyed actor 'thread'"
console.error: "Tried to send a 'newSource' event on an already destroyed actor 'thread'"
console.error: "Tried to send a 'newSource' event on an already destroyed actor 'thread'"
console.error: "Tried to send a 'newSource' event on an already destroyed actor 'thread'"
console.error: "Tried to send a 'newSource' event on an already destroyed actor 'thread'"
console.error: "Tried to send a 'newSource' event on an already destroyed actor 'thread'"
console.error: "Tried to send a 'newSource' event on an already destroyed actor 'thread'"
console.error: "Tried to send a 'newSource' event on an already destroyed actor 'thread'"
console.error: "Tried to send a 'newSource' event on an already destroyed actor 'thread'"
console.error: "Tried to send a 'newSource' event on an already destroyed actor 'thread'"
console.error: "Tried to send a 'newSource' event on an already destroyed actor 'thread'"
console.error: "Tried to send a 'newSource' event on an already destroyed actor 'thread'"
console.error: "Tried to send a 'newSource' event on an already destroyed actor 'thread'"
console.error: "Tried to send a 'newSource' event on an already destroyed actor 'thread'"
console.error: "Tried to send a 'newSource' event on an already destroyed actor 'thread'"
console.error: "Tried to send a 'newSource' event on an already destroyed actor 'thread'"
console.error: "Tried to send a 'newSource' event on an already destroyed actor 'thread'"
console.error: "Tried to send a 'newSource' event on an already destroyed actor 'thread'"
console.error: "Tried to send a 'newSource' event on an already destroyed actor 'thread'"
console.error: "Tried to send a 'newSource' event on an already destroyed actor 'thread'"
console.error: "Tried to send a 'newSource' event on an already destroyed actor 'thread'"
console.error: "Tried to send a 'newSource' event on an already destroyed actor 'thread'"
console.error: "Tried to send a 'newSource' event on an already destroyed actor 'thread'"
console.error: "Tried to send a 'newSource' event on an already destroyed actor 'thread'"
console.error: "Tried to send a 'newSource' event on an already destroyed actor 'thread'"
console.error: "Tried to send a 'newSource' event on an already destroyed actor 'thread'"
console.error: "Tried to send a 'newSource' event on an already destroyed actor 'thread'"
console.error: "Tried to send a 'newSource' event on an already destroyed actor 'thread'"
console.error: "Tried to send a 'newSource' event on an already destroyed actor 'thread'"
console.error: "Tried to send a 'newSource' event on an already destroyed actor 'thread'"
console.error: "Tried to send a 'newSource' event on an already destroyed actor 'thread'"
console.error: "Tried to send a 'newSource' event on an already destroyed actor 'thread'"
console.error: "Tried to send a 'newSource' event on an already destroyed actor 'thread'"
console.error: "Tried to send a 'newSource' event on an already destroyed actor 'thread'"
console.error: "Tried to send a 'newSource' event on an already destroyed actor 'thread'"
console.error: "Tried to send a 'newSource' event on an already destroyed actor 'thread'"
console.error: "Tried to send a 'newSource' event on an already destroyed actor 'thread'"
console.error: "Tried to send a 'newSource' event on an already destroyed actor 'thread'"
console.error: "Tried to send a 'newSource' event on an already destroyed actor 'thread'"
console.error: "Tried to send a 'newSource' event on an already destroyed actor 'thread'"
console.error: "Tried to send a 'newSource' event on an already destroyed actor 'thread'"
console.error: "Tried to send a 'newSource' event on an already destroyed actor 'thread'"
console.error: "Tried to send a 'newSource' event on an already destroyed actor 'thread'"
console.error: "Tried to send a 'newSource' event on an already destroyed actor 'thread'"
console.error: "Tried to send a 'newSource' event on an already destroyed actor 'thread'"
console.error: "Tried to send a 'newSource' event on an already destroyed actor 'thread'"
console.error: "Tried to send a 'newSource' event on an already destroyed actor 'thread'"
console.error: "Tried to send a 'newSource' event on an already destroyed actor 'thread'"
console.error: "Tried to send a 'newSource' event on an already destroyed actor 'thread'"
console.error: "Tried to send a 'newSource' event on an already destroyed actor 'thread'"
console.error: "Tried to send a 'newSource' event on an already destroyed actor 'thread'"
console.error: "Tried to send a 'newSource' event on an already destroyed actor 'thread'"
console.error: "Tried to send a 'newSource' event on an already destroyed actor 'thread'"
console.error: "Tried to send a 'newSource' event on an already destroyed actor 'thread'"
console.error: "Tried to send a 'newSource' event on an already destroyed actor 'thread'"
console.error: "Tried to send a 'newSource' event on an already destroyed actor 'thread'"
console.error: "Tried to send a 'newSource' event on an already destroyed actor 'thread'"
console.error: "Tried to send a 'newSource' event on an already destroyed actor 'thread'"
console.error: "Tried to send a 'newSource' event on an already destroyed actor 'thread'"
console.error: "Tried to send a 'newSource' event on an already destroyed actor 'thread'"
console.error: "Tried to send a 'newSource' event on an already destroyed actor 'thread'"
console.error: "Tried to send a 'newSource' event on an already destroyed actor 'thread'"
JavaScript error: resource://devtools/server/actors/highlighters.js, line 751: NS_ERROR_ILLEGAL_VALUE: Component returned failure code: 0x80070057 (NS_ERROR_ILLEGAL_VALUE) [nsIXPCComponents_Utils.isDeadWrapper]
JavaScript error: resource://devtools/server/actors/highlighters/utils/markup.js, line 272: TypeError: this.highlighterEnv is null
JavaScript error: resource://devtools/server/actors/inspector/walker.js, line 528: TypeError: this._refMap is null
1592667141919	Marionette	INFO	Stopped listening on port 36617
1592667180791	mozrunner::runner	INFO	Running command: "/usr/bin/firefox" "-marionette" "-foreground" "-no-remote" "-profile" "/tmp/rust_mozprofiledyHTrd"
1592667192529	Marionette	INFO	Listening on port 40925
1592667192579	Marionette	WARN	TLS certificate errors will be ignored for this session
1592667271587	Marionette	INFO	Stopped listening on port 40925
1592667283934	mozrunner::runner	INFO	Running command: "/usr/bin/firefox" "-marionette" "-foreground" "-no-remote" "-profile" "/tmp/rust_mozprofileHxdpW1"
1592667295415	Marionette	INFO	Listening on port 44289
1592667295512	Marionette	WARN	TLS certificate errors will be ignored for this session
1592667305985	Marionette	WARN	TimedPromise timed out after 500 ms: stacktrace:
TimedPromise/<@chrome://marionette/content/sync.js:245:13
TimedPromise@chrome://marionette/content/sync.js:230:10
interaction.flushEventLoop@chrome://marionette/content/interaction.js:416:10
webdriverClickElement@chrome://marionette/content/interaction.js:182:31
send@https://ajax.googleapis.com/ajax/libs/jquery/3.4.1/jquery.min.js:2:81476
ajax@https://ajax.googleapis.com/ajax/libs/jquery/3.4.1/jquery.min.js:2:77295
jQuery.ajax@https://cdnjs.cloudflare.com/ajax/libs/jquery-migrate/3.1.0/jquery-migrate.js:257:22
recentSearchContent@https://static2.shine.com/r/s/js/header_v1.js:57:11
@https://recruiter.shine.com/:2198:26
dispatch@https://ajax.googleapis.com/ajax/libs/jquery/3.4.1/jquery.min.js:2:42571
add/v.handle@https://ajax.googleapis.com/ajax/libs/jquery/3.4.1/jquery.min.js:2:40572
trigger@https://ajax.googleapis.com/ajax/libs/jquery/3.4.1/jquery.min.js:2:70627
triggerHandler@https://ajax.googleapis.com/ajax/libs/jquery/3.4.1/jquery.min.js:2:71306
@https://cdnjs.cloudflare.com/ajax/libs/jquery-migrate/3.1.0/jquery-migrate.js:537:28
e@https://ajax.googleapis.com/ajax/libs/jquery/3.4.1/jquery.min.js:2:29453
l/</t<@https://ajax.googleapis.com/ajax/libs/jquery/3.4.1/jquery.min.js:2:29755
1592751222427	Marionette	INFO	Stopped listening on port 44289
